Color Options are 
Checking Row 1
sRGB IEC61966-2.1(1,1,0,1)
sRGB IEC61966-2.1(0,4014875856,0,5982716182,0,5523330479,1)
sRGB IEC61966-2.1(1,1,0,1)
sRGB IEC61966-2.1(0,4014875856,0,5982716182,0,5523330479,1)
sRGB IEC61966-2.1(1,1,0,1)
sRGB IEC61966-2.1(0,4014875856,0,5982716182,0,5523330479,1)
sRGB IEC61966-2.1(1,1,0,1)
sRGB IEC61966-2.1(0,4014875856,0,5982716182,0,5523330479,1)
sRGB IEC61966-2.1(1,1,0,1)
sRGB IEC61966-2.1(0,4014875856,0,5982716182,0,5523330479,1)
sRGB IEC61966-2.1(1,1,0,1)
sRGB IEC61966-2.1(0,4014875856,0,5982716182,0,5523330479,1)
sRGB IEC61966-2.1(1,1,0,1)
sRGB IEC61966-2.1(0,4014875856,0,5982716182,0,5523330479,1)
sRGB IEC61966-2.1(1,1,0,1)
sRGB IEC61966-2.1(0,4014875856,0,5982716182,0,5523330479,1)
sRGB IEC61966-2.1(1,1,0,1)
sRGB IEC61966-2.1(0,4014875856,0,5982716182,0,5523330479,1)
sRGB IEC61966-2.1(1,1,0,1)
sRGB IEC61966-2.1(0,4014875856,0,5982716182,0,5523330479,1)
sRGB IEC61966-2.1(1,1,0,1)
sRGB IEC61966-2.1(0,4014875856,0,5982716182,0,5523330479,1)
sRGB IEC61966-2.1(1,1,0,1)
sRGB IEC61966-2.1(0,4014875856,0,5982716182,0,5523330479,1)
sRGB IEC61966-2.1(1,1,0,1)
sRGB IEC61966-2.1(0,4014875856,0,5982716182,0,5523330479,1)
sRGB IEC61966-2.1(1,1,0,1)
sRGB IEC61966-2.1(0,4014875856,0,5982716182,0,5523330479,1)
sRGB IEC61966-2.1(1,1,0,1)
sRGB IEC61966-2.1(0,4014875856,0,5982716182,0,5523330479,1)
sRGB IEC61966-2.1(1,1,0,1)
sRGB IEC61966-2.1(0,4014875856,0,5982716182,0,5523330479,1)
sRGB IEC61966-2.1(1,1,0,1)
0
Counter is 2 
sRGB IEC61966-2.1(1,0,0,1)
sRGB IEC61966-2.1(1,0,0,1)
sRGB IEC61966-2.1(1,0,0,1)
sRGB IEC61966-2.1(0,0,1,1)
Generic Gray Gamma 2.2 Profile(0,1)
sRGB IEC61966-2.1(1,0,0,1)
sRGB IEC61966-2.1(0,0,1,1)
Checking Row 2
sRGB IEC61966-2.1(1,1,0,1)
sRGB IEC61966-2.1(1,0,0,1)
sRGB IEC61966-2.1(1,1,0,1)
sRGB IEC61966-2.1(1,0,0,1)
sRGB IEC61966-2.1(1,1,0,1)
Generic Gray Gamma 2.2 Profile(0,1)
sRGB IEC61966-2.1(1,1,0,1)
sRGB IEC61966-2.1(0,0,1,1)
sRGB IEC61966-2.1(1,1,0,1)
sRGB IEC61966-2.1(1,0,0,1)
sRGB IEC61966-2.1(1,1,0,1)
sRGB IEC61966-2.1(1,0,0,1)
sRGB IEC61966-2.1(1,1,0,1)
Generic Gray Gamma 2.2 Profile(0,1)
sRGB IEC61966-2.1(1,1,0,1)
sRGB IEC61966-2.1(0,0,1,1)
sRGB IEC61966-2.1(1,1,0,1)
sRGB IEC61966-2.1(1,0,0,1)
sRGB IEC61966-2.1(1,1,0,1)
sRGB IEC61966-2.1(1,0,0,1)
sRGB IEC61966-2.1(1,1,0,1)
Generic Gray Gamma 2.2 Profile(0,1)
sRGB IEC61966-2.1(1,1,0,1)
sRGB IEC61966-2.1(0,0,1,1)
sRGB IEC61966-2.1(1,1,0,1)
sRGB IEC61966-2.1(1,0,0,1)
sRGB IEC61966-2.1(1,1,0,1)
sRGB IEC61966-2.1(1,0,0,1)
sRGB IEC61966-2.1(1,1,0,1)
Generic Gray Gamma 2.2 Profile(0,1)
sRGB IEC61966-2.1(1,1,0,1)
sRGB IEC61966-2.1(0,0,1,1)
sRGB IEC61966-2.1(1,1,0,1)
0
Counter is 3 
sRGB IEC61966-2.1(1,0,0,1)
sRGB IEC61966-2.1(0,0,1,1)
sRGB IEC61966-2.1(1,0,0,1)
sRGB IEC61966-2.1(0,0,1,1)
Generic Gray Gamma 2.2 Profile(0,1)
sRGB IEC61966-2.1(1,0,0,1)
sRGB IEC61966-2.1(0,0,1,1)
Generic Gray Gamma 2.2 Profile(0,1)
sRGB IEC61966-2.1(1,0,0,1)
sRGB IEC61966-2.1(0,0,1,1)
Generic Gray Gamma 2.2 Profile(0,1)
Checking Row 3
sRGB IEC61966-2.1(1,1,0,1)
sRGB IEC61966-2.1(0,0,1,1)
sRGB IEC61966-2.1(1,1,0,1)
Generic Gray Gamma 2.2 Profile(0,1)
sRGB IEC61966-2.1(1,1,0,1)
Generic Gray Gamma 2.2 Profile(0,1)
sRGB IEC61966-2.1(1,1,0,1)
Generic Gray Gamma 2.2 Profile(0,1)
sRGB IEC61966-2.1(1,1,0,1)
sRGB IEC61966-2.1(0,0,1,1)
sRGB IEC61966-2.1(1,1,0,1)
Generic Gray Gamma 2.2 Profile(0,1)
sRGB IEC61966-2.1(1,1,0,1)
Generic Gray Gamma 2.2 Profile(0,1)
sRGB IEC61966-2.1(1,1,0,1)
Generic Gray Gamma 2.2 Profile(0,1)
sRGB IEC61966-2.1(1,1,0,1)
sRGB IEC61966-2.1(0,0,1,1)
sRGB IEC61966-2.1(1,1,0,1)
Generic Gray Gamma 2.2 Profile(0,1)
sRGB IEC61966-2.1(1,1,0,1)
Generic Gray Gamma 2.2 Profile(0,1)
sRGB IEC61966-2.1(1,1,0,1)
Generic Gray Gamma 2.2 Profile(0,1)
sRGB IEC61966-2.1(1,1,0,1)
sRGB IEC61966-2.1(0,0,1,1)
sRGB IEC61966-2.1(1,1,0,1)
Generic Gray Gamma 2.2 Profile(0,1)
sRGB IEC61966-2.1(1,1,0,1)
Generic Gray Gamma 2.2 Profile(0,1)
sRGB IEC61966-2.1(1,1,0,1)
Generic Gray Gamma 2.2 Profile(0,1)
sRGB IEC61966-2.1(1,1,0,1)
0
Counter is 4 
sRGB IEC61966-2.1(1,0,0,1)
sRGB IEC61966-2.1(0,0,1,1)
Generic Gray Gamma 2.2 Profile(0,1)
sRGB IEC61966-2.1(1,1,0,1)
sRGB IEC61966-2.1(1,0,0,1)
sRGB IEC61966-2.1(0,0,1,1)
sRGB IEC61966-2.1(1,0,0,1)
sRGB IEC61966-2.1(0,0,1,1)
Generic Gray Gamma 2.2 Profile(0,1)
sRGB IEC61966-2.1(1,1,0,1)
sRGB IEC61966-2.1(1,0,0,1)
sRGB IEC61966-2.1(0,0,1,1)
Generic Gray Gamma 2.2 Profile(0,1)
sRGB IEC61966-2.1(1,1,0,1)
Checking Row 4
sRGB IEC61966-2.1(1,1,0,1)
sRGB IEC61966-2.1(1,1,0,1)
sRGB IEC61966-2.1(1,1,0,1)
sRGB IEC61966-2.1(0,0,1,1)
sRGB IEC61966-2.1(1,1,0,1)
sRGB IEC61966-2.1(1,1,0,1)
sRGB IEC61966-2.1(1,1,0,1)
sRGB IEC61966-2.1(1,1,0,1)
sRGB IEC61966-2.1(1,1,0,1)
sRGB IEC61966-2.1(1,1,0,1)
sRGB IEC61966-2.1(1,1,0,1)
sRGB IEC61966-2.1(0,0,1,1)
sRGB IEC61966-2.1(1,1,0,1)
sRGB IEC61966-2.1(1,1,0,1)
sRGB IEC61966-2.1(1,1,0,1)
sRGB IEC61966-2.1(1,1,0,1)
sRGB IEC61966-2.1(1,1,0,1)
sRGB IEC61966-2.1(1,1,0,1)
sRGB IEC61966-2.1(1,1,0,1)
sRGB IEC61966-2.1(0,0,1,1)
sRGB IEC61966-2.1(1,1,0,1)
sRGB IEC61966-2.1(1,1,0,1)
sRGB IEC61966-2.1(1,1,0,1)
sRGB IEC61966-2.1(1,1,0,1)
sRGB IEC61966-2.1(1,1,0,1)
sRGB IEC61966-2.1(1,1,0,1)
sRGB IEC61966-2.1(1,1,0,1)
sRGB IEC61966-2.1(0,0,1,1)
sRGB IEC61966-2.1(1,1,0,1)
sRGB IEC61966-2.1(1,1,0,1)
sRGB IEC61966-2.1(1,1,0,1)
sRGB IEC61966-2.1(1,1,0,1)
sRGB IEC61966-2.1(1,1,0,1)
12
Counter is 5 
sRGB IEC61966-2.1(1,0,0,1)
sRGB IEC61966-2.1(1,0,0,1)
sRGB IEC61966-2.1(0,0,1,1)
Generic Gray Gamma 2.2 Profile(0,1)
sRGB IEC61966-2.1(1,0,0,1)
sRGB IEC61966-2.1(0,0,1,1)
Generic Gray Gamma 2.2 Profile(0,1)
sRGB IEC61966-2.1(1,0,0,1)
sRGB IEC61966-2.1(0,0,1,1)
Generic Gray Gamma 2.2 Profile(0,1)
sRGB IEC61966-2.1(1,1,0,1)
sRGB IEC61966-2.1(1,0,5,0,1)
Checking Row 5
sRGB IEC61966-2.1(1,1,0,1)
sRGB IEC61966-2.1(1,0,0,1)
sRGB IEC61966-2.1(1,1,0,1)
Generic Gray Gamma 2.2 Profile(0,1)
sRGB IEC61966-2.1(1,1,0,1)
Generic Gray Gamma 2.2 Profile(0,1)
sRGB IEC61966-2.1(1,1,0,1)
sRGB IEC61966-2.1(1,0,5,0,1)
sRGB IEC61966-2.1(1,1,0,1)
sRGB IEC61966-2.1(1,0,0,1)
sRGB IEC61966-2.1(1,1,0,1)
Generic Gray Gamma 2.2 Profile(0,1)
sRGB IEC61966-2.1(1,1,0,1)
Generic Gray Gamma 2.2 Profile(0,1)
sRGB IEC61966-2.1(1,1,0,1)
sRGB IEC61966-2.1(1,0,5,0,1)
sRGB IEC61966-2.1(1,1,0,1)
sRGB IEC61966-2.1(1,0,0,1)
sRGB IEC61966-2.1(1,1,0,1)
Generic Gray Gamma 2.2 Profile(0,1)
sRGB IEC61966-2.1(1,1,0,1)
Generic Gray Gamma 2.2 Profile(0,1)
sRGB IEC61966-2.1(1,1,0,1)
sRGB IEC61966-2.1(1,0,5,0,1)
sRGB IEC61966-2.1(1,1,0,1)
sRGB IEC61966-2.1(1,0,0,1)
sRGB IEC61966-2.1(1,1,0,1)
Generic Gray Gamma 2.2 Profile(0,1)
sRGB IEC61966-2.1(1,1,0,1)
Generic Gray Gamma 2.2 Profile(0,1)
sRGB IEC61966-2.1(1,1,0,1)
sRGB IEC61966-2.1(1,0,5,0,1)
sRGB IEC61966-2.1(1,1,0,1)
0
Counter is 6 
